This is LuaHBTeX, Version 1.14.0 (TeX Live 2022/dev/Debian)  (format=lualatex 2024.7.11)  15 JUL 2024 12:37
 restricted system commands enabled.
 file:line:error style messages enabled.
**/home/hagenw27/Documents/projects/atdi/bootstrapping/paper/settings/settings.tex
(/home/hagenw27/Documents/projects/atdi/bootstrapping/paper/settings/settings.tex
LaTeX2e <2021-11-15> patch level 1
Lua module: luaotfload 2021-05-21 3.18 Lua based OpenType font support
Lua module: lualibs 2021-05-20 2.74 ConTeXt Lua standard libraries.
Lua module: lualibs-extended 2021-05-20 2.74 ConTeXt Lua libraries -- extended collection.
luaotfload | conf : Root cache directory is "/home/hagenw27/.texlive2021/texmf-var/luatex-cache/generic/names".
luaotfload | init : Loading fontloader "fontloader-2021-05-20.lua" from kpse-resolved path "/usr/share/texlive/texmf-dist/tex/luatex/luaotfload/fontloader-2021-05-20.lua".
Lua-only attribute luaotfload@noligature = 1
Lua-only attribute luaotfload@syllabe = 2
luaotfload | init : Context OpenType loader version 3.116
Inserting `luaotfload.node_processor' at position 1 in `pre_linebreak_filter'.
Inserting `luaotfload.node_processor' at position 1 in `hpack_filter'.
Inserting `luaotfload.glyph_stream' at position 1 in `glyph_stream_provider'.
Inserting `luaotfload.define_font' at position 1 in `define_font'.
Lua-only attribute luaotfload_color_attribute = 3
luaotfload | conf : Root cache directory is "/home/hagenw27/.texlive2021/texmf-var/luatex-cache/generic/names".
Inserting `luaotfload.harf.strip_prefix' at position 1 in `find_opentype_file'.
Inserting `luaotfload.harf.strip_prefix' at position 1 in `find_truetype_file'.
Inserting `luaotfload.harf.finalize_vlist' at position 1 in `post_linebreak_filter'.
Inserting `luaotfload.harf.finalize_hlist' at position 2 in `hpack_filter'.
Inserting `luaotfload.cleanup_files' at position 1 in `wrapup_run'.
Inserting `luaotfload.harf.finalize_unicode' at position 1 in `finish_pdffile'.
Inserting `luaotfload.glyphinfo' at position 1 in `glyph_info'.
Lua-only attribute luaotfload.letterspace_done = 4
Inserting `luaotfload.aux.set_sscale_dimens' at position 1 in `luaotfload.patch_font'.
Inserting `luaotfload.aux.set_font_index' at position 2 in `luaotfload.patch_font'.
Inserting `luaotfload.aux.patch_cambria_domh' at position 3 in `luaotfload.patch_font'.
Inserting `luaotfload.aux.fixup_fontdata' at position 1 in `luaotfload.patch_font_unsafe'.
Inserting `luaotfload.aux.set_capheight' at position 4 in `luaotfload.patch_font'.
Inserting `luaotfload.aux.set_xheight' at position 5 in `luaotfload.patch_font'.
Inserting `luaotfload.rewrite_fontname' at position 6 in `luaotfload.patch_font'. L3 programming layer <2022-01-21>
Inserting `tracingstacklevels' at position 1 in `input_level_string'.

/home/hagenw27/Documents/projects/atdi/bootstrapping/paper/settings/settings.tex:3: LaTeX Error: \usepackage before \documentclass.

See the LaTeX manual or LaTeX Companion for explanation.
Type  H <return>  for immediate help.
 ...                                              
                                                  
l.3 \usepackage[inner=3cm]{
                         geometry}
\usepackage may only appear in the document preamble, i.e.,
between \documentclass and \begin{document}.


/home/hagenw27/Documents/projects/atdi/bootstrapping/paper/settings/settings.tex:30: LaTeX Error: \usepackage before \documentclass.

See the LaTeX manual or LaTeX Companion for explanation.
Type  H <return>  for immediate help.
 ...                                              
                                                  
l.30 \usepackage{
               lmodern}
\usepackage may only appear in the document preamble, i.e.,
between \documentclass and \begin{document}.


/home/hagenw27/Documents/projects/atdi/bootstrapping/paper/settings/settings.tex:37: LaTeX Error: \usepackage before \documentclass.

See the LaTeX manual or LaTeX Companion for explanation.
Type  H <return>  for immediate help.
 ...                                              
                                                  
l.37 \usepackage{
               eurosym}
\usepackage may only appear in the document preamble, i.e.,
between \documentclass and \begin{document}.


/home/hagenw27/Documents/projects/atdi/bootstrapping/paper/settings/settings.tex:38: LaTeX Error: \usepackage before \documentclass.

See the LaTeX manual or LaTeX Companion for explanation.
Type  H <return>  for immediate help.
 ...                                              
                                                  
l.38 \usepackage[utf8]{
                     inputenc}
\usepackage may only appear in the document preamble, i.e.,
between \documentclass and \begin{document}.


/home/hagenw27/Documents/projects/atdi/bootstrapping/paper/settings/settings.tex:39: LaTeX Error: \usepackage before \documentclass.

See the LaTeX manual or LaTeX Companion for explanation.
Type  H <return>  for immediate help.
 ...                                              
                                                  
l.39 \usepackage[T1]{
                   fontenc}
\usepackage may only appear in the document preamble, i.e.,
between \documentclass and \begin{document}.

/home/hagenw27/Documents/projects/atdi/bootstrapping/paper/settings/settings.tex:40: Undefined control sequence.
l.40 \DeclareUnicodeCharacter
                           {20AC}{\euro} %Euro-Symbol in UTF-8
The control sequence at the end of the top line
of your error message was never \def'ed. If you have
misspelled it (e.g., `\hobx'), type `I' and the correct
spelling (e.g., `I\hbox'). Otherwise just continue,
and I'll forget about whatever was undefined.


/home/hagenw27/Documents/projects/atdi/bootstrapping/paper/settings/settings.tex:40: LaTeX Error: Missing \begin{document}.

See the LaTeX manual or LaTeX Companion for explanation.
Type  H <return>  for immediate help.
 ...                                              
                                                  
l.40 \DeclareUnicodeCharacter{2
                             0AC}{\euro} %Euro-Symbol in UTF-8
You're in trouble here.  Try typing  <return>  to proceed.
If that doesn't work, type  X <return>  to quit.

/home/hagenw27/Documents/projects/atdi/bootstrapping/paper/settings/settings.tex:40: Undefined control sequence.
l.40 \DeclareUnicodeCharacter{20AC}{\euro
                                       } %Euro-Symbol in UTF-8
The control sequence at the end of the top line
of your error message was never \def'ed. If you have
misspelled it (e.g., `\hobx'), type `I' and the correct
spelling (e.g., `I\hbox'). Otherwise just continue,
and I'll forget about whatever was undefined.


Overfull \hbox (20.0pt too wide) in paragraph at lines 40--41
[]20AC 
 []


/home/hagenw27/Documents/projects/atdi/bootstrapping/paper/settings/settings.tex:43: LaTeX Error: \usepackage before \documentclass.

See the LaTeX manual or LaTeX Companion for explanation.
Type  H <return>  for immediate help.
 ...                                              
                                                  
l.43 \usepackage{
               scrhack} %Tweaks für scrbook
\usepackage may only appear in the document preamble, i.e.,
between \documentclass and \begin{document}.


/home/hagenw27/Documents/projects/atdi/bootstrapping/paper/settings/settings.tex:44: LaTeX Error: \usepackage before \documentclass.

See the LaTeX manual or LaTeX Companion for explanation.
Type  H <return>  for immediate help.
 ...                                              
                                                  
l.44 \usepackage[automark,headsepline]{
                                     scrlayer-scrpage} %Anpassung von Kopf- ...
\usepackage may only appear in the document preamble, i.e.,
between \documentclass and \begin{document}.


/home/hagenw27/Documents/projects/atdi/bootstrapping/paper/settings/settings.tex:45: LaTeX Error: \usepackage before \documentclass.

See the LaTeX manual or LaTeX Companion for explanation.
Type  H <return>  for immediate help.
 ...                                              
                                                  
l.45 \usepackage{
               paralist}  %Kompakte Listen
\usepackage may only appear in the document preamble, i.e.,
between \documentclass and \begin{document}.


/home/hagenw27/Documents/projects/atdi/bootstrapping/paper/settings/settings.tex:47: LaTeX Error: \usepackage before \documentclass.

See the LaTeX manual or LaTeX Companion for explanation.
Type  H <return>  for immediate help.
 ...                                              
                                                  
l.47 \usepackage{
               setspace} %flexibler Zeilenabstand
\usepackage may only appear in the document preamble, i.e.,
between \documentclass and \begin{document}.

/home/hagenw27/Documents/projects/atdi/bootstrapping/paper/settings/settings.tex:48: Undefined control sequence.
l.48 \setstretch
              {1.15} %Zeilenabstand 1.15
The control sequence at the end of the top line
of your error message was never \def'ed. If you have
misspelled it (e.g., `\hobx'), type `I' and the correct
spelling (e.g., `I\hbox'). Otherwise just continue,
and I'll forget about whatever was undefined.


/home/hagenw27/Documents/projects/atdi/bootstrapping/paper/settings/settings.tex:48: LaTeX Error: Missing \begin{document}.

See the LaTeX manual or LaTeX Companion for explanation.
Type  H <return>  for immediate help.
 ...                                              
                                                  
l.48 \setstretch{1
                .15} %Zeilenabstand 1.15
You're in trouble here.  Try typing  <return>  to proceed.
If that doesn't work, type  X <return>  to quit.


Overfull \hbox (20.0pt too wide) in paragraph at lines 48--49
[]1.15 
 []


/home/hagenw27/Documents/projects/atdi/bootstrapping/paper/settings/settings.tex:50: LaTeX Error: \usepackage before \documentclass.

See the LaTeX manual or LaTeX Companion for explanation.
Type  H <return>  for immediate help.
 ...                                              
                                                  
l.50 \usepackage[stretch=10]{
                           microtype} %Verbesserte Darstellung der Buchstabe...
\usepackage may only appear in the document preamble, i.e.,
between \documentclass and \begin{document}.


/home/hagenw27/Documents/projects/atdi/bootstrapping/paper/settings/settings.tex:51: LaTeX Error: \usepackage before \documentclass.

See the LaTeX manual or LaTeX Companion for explanation.
Type  H <return>  for immediate help.
 ...                                              
                                                  
l.51 \usepackage{
               float} %Unterstützung fester Positionierung  (H)
\usepackage may only appear in the document preamble, i.e.,
between \documentclass and \begin{document}.


/home/hagenw27/Documents/projects/atdi/bootstrapping/paper/settings/settings.tex:52: LaTeX Error: \usepackage before \documentclass.

See the LaTeX manual or LaTeX Companion for explanation.
Type  H <return>  for immediate help.
 ...                                              
                                                  
l.52 \usepackage{
               csquotes} %wird von babel benötigt
\usepackage may only appear in the document preamble, i.e.,
between \documentclass and \begin{document}.

(/usr/share/texlive/texmf-dist/tex/latex/amsfonts/amssymb.sty
Package: amssymb 2013/01/14 v3.01 AMS font symbols
 (/usr/share/texlive/texmf-dist/tex/latex/amsfonts/amsfonts.sty
Package: amsfonts 2013/01/14 v3.01 Basic AMSFonts support
\@emptytoks=\toks16
\symAMSa=\mathgroup4
\symAMSb=\mathgroup5
LaTeX Font Info:    Redeclaring math symbol \hbar on input line 98.
LaTeX Font Info:    Overwriting math alphabet `\mathfrak' in version `bold'
(Font)                  U/euf/m/n --> U/euf/b/n on input line 106.
)) (/usr/share/texlive/texmf-dist/tex/latex/amsmath/amsmath.sty
Package: amsmath 2021/10/15 v2.17l AMS math features
\@mathmargin=\skip47

For additional information on amsmath, use the `?' option.
(/usr/share/texlive/texmf-dist/tex/latex/amsmath/amstext.sty
Package: amstext 2021/08/26 v2.01 AMS text
 (/usr/share/texlive/texmf-dist/tex/latex/amsmath/amsgen.sty
File: amsgen.sty 1999/11/30 v2.0 generic functions
\@emptytoks=\toks17
\ex@=\dimen137
)) (/usr/share/texlive/texmf-dist/tex/latex/amsmath/amsbsy.sty
Package: amsbsy 1999/11/29 v1.2d Bold Symbols
\pmbraise@=\dimen138
) (/usr/share/texlive/texmf-dist/tex/latex/amsmath/amsopn.sty
Package: amsopn 2021/08/26 v2.02 operator names
)
\inf@bad=\count183
LaTeX Info: Redefining \frac on input line 236.
\uproot@=\count184
\leftroot@=\count185
LaTeX Info: Redefining \overline on input line 399.
\classnum@=\count186
\DOTSCASE@=\count187
LaTeX Info: Redefining \ldots on input line 496.
LaTeX Info: Redefining \dots on input line 499.
LaTeX Info: Redefining \cdots on input line 620.
\Mathstrutbox@=\box50
\strutbox@=\box51
\big@size=\dimen139
LaTeX Font Info:    Redeclaring font encoding OML on input line 743.
LaTeX Font Info:    Redeclaring font encoding OMS on input line 744.
\macc@depth=\count188
\c@MaxMatrixCols=\count189
\dotsspace@=\muskip16
\c@parentequation=\count190
\dspbrk@lvl=\count191
\tag@help=\toks18
\row@=\count192
\column@=\count193
\maxfields@=\count194
\andhelp@=\toks19
\eqnshift@=\dimen140
\alignsep@=\dimen141
\tagshift@=\dimen142
\tagwidth@=\dimen143
\totwidth@=\dimen144
\lineht@=\dimen145
\@envbody=\toks20
\multlinegap=\skip48
\multlinetaggap=\skip49
\mathdisplay@stack=\toks21
LaTeX Info: Redefining \[ on input line 2938.
LaTeX Info: Redefining \] on input line 2939.
) (/usr/share/texlive/texmf-dist/tex/latex/base/ifthen.sty
Package: ifthen 2020/11/24 v1.1c Standard LaTeX ifthen package (DPC)
) (/usr/share/texlive/texmf-dist/tex/latex/psnfss/pifont.sty
Package: pifont 2020/03/25 PSNFSS-v9.3 Pi font support (SPQR) 
LaTeX Font Info:    Trying to load font information for U+pzd on input line 63.
 (/usr/share/texlive/texmf-dist/tex/latex/psnfss/upzd.fd
File: upzd.fd 2001/06/04 font definitions for U/pzd.
)
LaTeX Font Info:    Trying to load font information for U+psy on input line 64.
 (/usr/share/texlive/texmf-dist/tex/latex/psnfss/upsy.fd
File: upsy.fd 2001/06/04 font definitions for U/psy.
))

/home/hagenw27/Documents/projects/atdi/bootstrapping/paper/settings/settings.tex:63: LaTeX Error: \usepackage before \documentclass.

See the LaTeX manual or LaTeX Companion for explanation.
Type  H <return>  for immediate help.
 ...                                              
                                                  
l.63 \usepackage{
               array, tabularx}
\usepackage may only appear in the document preamble, i.e.,
between \documentclass and \begin{document}.

/home/hagenw27/Documents/projects/atdi/bootstrapping/paper/settings/settings.tex:64: Undefined control sequence.
<argument> \extrarowheight 
                
l.64 \setlength\extrarowheight{2pt}
                                  %extra Top-Padding in Latex-Tabellen
The control sequence at the end of the top line
of your error message was never \def'ed. If you have
misspelled it (e.g., `\hobx'), type `I' and the correct
spelling (e.g., `I\hbox'). Otherwise just continue,
and I'll forget about whatever was undefined.


/home/hagenw27/Documents/projects/atdi/bootstrapping/paper/settings/settings.tex:64: LaTeX Error: Missing \begin{document}.

See the LaTeX manual or LaTeX Companion for explanation.
Type  H <return>  for immediate help.
 ...                                              
                                                  
l.64 \setlength\extrarowheight{2pt}
                                  %extra Top-Padding in Latex-Tabellen
You're in trouble here.  Try typing  <return>  to proceed.
If that doesn't work, type  X <return>  to quit.


/home/hagenw27/Documents/projects/atdi/bootstrapping/paper/settings/settings.tex:65: LaTeX Error: \usepackage before \documentclass.

See the LaTeX manual or LaTeX Companion for explanation.
Type  H <return>  for immediate help.
 ...                                              
                                                  
l.65 \usepackage{
               multirow}
\usepackage may only appear in the document preamble, i.e.,
between \documentclass and \begin{document}.


/home/hagenw27/Documents/projects/atdi/bootstrapping/paper/settings/settings.tex:66: LaTeX Error: \usepackage before \documentclass.

See the LaTeX manual or LaTeX Companion for explanation.
Type  H <return>  for immediate help.
 ...                                              
                                                  
l.66 \usepackage{
               longtable} %Umbrüche in Tabellen
\usepackage may only appear in the document preamble, i.e.,
between \documentclass and \begin{document}.


Overfull \hbox (20.0pt too wide) in paragraph at lines 64--67
[]2pt
 []


/home/hagenw27/Documents/projects/atdi/bootstrapping/paper/settings/settings.tex:70: LaTeX Error: \usepackage before \documentclass.

See the LaTeX manual or LaTeX Companion for explanation.
Type  H <return>  for immediate help.
 ...                                              
                                                  
l.70 \usepackage[table,xcdraw]{
                             xcolor}
\usepackage may only appear in the document preamble, i.e.,
between \documentclass and \begin{document}.


/home/hagenw27/Documents/projects/atdi/bootstrapping/paper/settings/settings.tex:71: LaTeX Error: \usepackage before \documentclass.

See the LaTeX manual or LaTeX Companion for explanation.
Type  H <return>  for immediate help.
 ...                                              
                                                  
l.71 \usepackage{
               tikz} % Vektorgrafiken, lädt graphicx automatisch
\usepackage may only appear in the document preamble, i.e.,
between \documentclass and \begin{document}.


/home/hagenw27/Documents/projects/atdi/bootstrapping/paper/settings/settings.tex:72: LaTeX Error: \usepackage before \documentclass.

See the LaTeX manual or LaTeX Companion for explanation.
Type  H <return>  for immediate help.
 ...                                              
                                                  
l.72 \usepackage{
               bmpsize}
\usepackage may only appear in the document preamble, i.e.,
between \documentclass and \begin{document}.


/home/hagenw27/Documents/projects/atdi/bootstrapping/paper/settings/settings.tex:76: LaTeX Error: \usepackage before \documentclass.

See the LaTeX manual or LaTeX Companion for explanation.
Type  H <return>  for immediate help.
 ...                                              
                                                  
l.76 ...ckage[hidelinks,german,hypertexnames=false]{
                                                  hyperref}
\usepackage may only appear in the document preamble, i.e.,
between \documentclass and \begin{document}.


/home/hagenw27/Documents/projects/atdi/bootstrapping/paper/settings/settings.tex:78: LaTeX Error: \usepackage before \documentclass.

See the LaTeX manual or LaTeX Companion for explanation.
Type  H <return>  for immediate help.
 ...                                              
                                                  
l.78 \usepackage{
               breakurl}
\usepackage may only appear in the document preamble, i.e.,
between \documentclass and \begin{document}.

)
! Emergency stop.
<*> ...atdi/bootstrapping/paper/settings/settings.tex
                                                  
*** (job aborted, no legal \end found)



Here is how much of LuaTeX's memory you used:
 1404 strings out of 477805
 100000,383344 words of node,token memory allocated 642 words of node memory still in use:
   9 hlist, 3 local_par, 1 dir, 14 glue, 3 kern, 3 penalty, 12 glyph, 14 attribute, 42 glue_spec, 14 attribute_list nodes
   avail lists: 2:4,3:1,4:1,5:4,7:3
 22124 multiletter control sequences out of 65536+600000
 16 fonts using 735103 bytes
 54i,0n,59p,274b,61s stack positions out of 5000i,500n,10000p,200000b,80000s
!  ==> Fatal error occurred, no output PDF file produced!
